<?xml version="1.0" encoding="UTF-8"?>
<testng-results skipped="0" failed="0" total="1" passed="1">
  <reporter-output>
  </reporter-output>
  <suite name="Default suite" duration-ms="36242" started-at="2017-08-03T06:20:50Z" finished-at="2017-08-03T06:21:27Z">
    <groups>
    </groups>
    <test name="Default test" duration-ms="36242" started-at="2017-08-03T06:20:50Z" finished-at="2017-08-03T06:21:27Z">
      <class name="Automation1.TestClass">
        <test-method status="PASS" signature="FinalExecution()[pri:0, instance:Automation1.TestClass@e720b71]" name="FinalExecution" duration-ms="36211" started-at="2017-08-03T11:50:51Z" finished-at="2017-08-03T11:51:27Z">
          <reporter-output>
          </reporter-output>
        </test-method> <!-- FinalExecution -->
      </class> <!-- Automation1.TestClass -->
    </test> <!-- Default test -->
  </suite> <!-- Default suite -->
</testng-results>
